# Logfile created on 2018-11-05 12:25:10 -0700 by logger.rb/47272
[12:25:10.994750 INFO] Checking for presence of args file at /Users/dgoldwas/Documents/GitHub/Personal/PAT_projects/PAT_RaceToZero_Office/temp_data/analysis_93a201b4-a284-4ee3-a5d4-0bd0a7fc7e80/scripts/data_point/initialize.args
[12:25:10.994784 INFO] Checking for presence of script file at /Users/dgoldwas/Documents/GitHub/Personal/PAT_projects/PAT_RaceToZero_Office/temp_data/analysis_93a201b4-a284-4ee3-a5d4-0bd0a7fc7e80/scripts/data_point/initialize.sh
[12:25:10.998225 INFO] Server host is http://localhost:8080
[12:25:10.998286 INFO] Analysis directory is /Users/dgoldwas/Documents/GitHub/Personal/PAT_projects/PAT_RaceToZero_Office/temp_data/analysis_93a201b4-a284-4ee3-a5d4-0bd0a7fc7e80
[12:25:10.998362 INFO] Simulation directory is /Users/dgoldwas/Documents/GitHub/Personal/PAT_projects/PAT_RaceToZero_Office/temp_data/analysis_93a201b4-a284-4ee3-a5d4-0bd0a7fc7e80/data_point_29dba165-e422-4d88-8891-c77852b8634d
[12:25:10.998401 INFO] Run datapoint type/file is 
[12:25:10.998429 INFO] Starting initialize_worker for datapoint 29dba165-e422-4d88-8891-c77852b8634d
[12:25:10.998492 INFO] write_lock_file exists, checking & waiting for receipt file
[12:25:10.998561 INFO] waiting for receipt file to appear
[12:25:13.999367 INFO] waiting for receipt file to appear
[12:25:17.000800 INFO] waiting for receipt file to appear
[12:25:20.001209 INFO] receipt_file appeared, moving on
[12:25:20.009298 INFO] Downloading datapoint from http://localhost:8080/data_points/29dba165-e422-4d88-8891-c77852b8634d.json
[12:25:20.048852 INFO] Creating Workflow Manager instance
[12:25:20.048924 INFO] Directory is /Users/dgoldwas/Documents/GitHub/Personal/PAT_projects/PAT_RaceToZero_Office/temp_data/analysis_93a201b4-a284-4ee3-a5d4-0bd0a7fc7e80/data_point_29dba165-e422-4d88-8891-c77852b8634d
[12:25:20.048959 INFO] Opening run.log file '/Users/dgoldwas/Documents/GitHub/Personal/PAT_projects/PAT_RaceToZero_Office/temp_data/analysis_93a201b4-a284-4ee3-a5d4-0bd0a7fc7e80/data_point_29dba165-e422-4d88-8891-c77852b8634d/run/run.log'
[12:25:20.049370 INFO] Running workflow using cmd /Applications/OpenStudio-2.7.0/ParametricAnalysisTool.app/Contents/Resources/OpenStudio/bin/openstudio --verbose run --workflow /Users/dgoldwas/Documents/GitHub/Personal/PAT_projects/PAT_RaceToZero_Office/temp_data/analysis_93a201b4-a284-4ee3-a5d4-0bd0a7fc7e80/data_point_29dba165-e422-4d88-8891-c77852b8634d/data_point.osw --debug and writing log to /Users/dgoldwas/Documents/GitHub/Personal/PAT_projects/PAT_RaceToZero_Office/temp_data/analysis_93a201b4-a284-4ee3-a5d4-0bd0a7fc7e80/data_point_29dba165-e422-4d88-8891-c77852b8634d/oscli_simulation.log
[12:30:09.843410 INFO] Saving files/reports back to the server
[12:30:09.844483 INFO] Saving report /Users/dgoldwas/Documents/GitHub/Personal/PAT_projects/PAT_RaceToZero_Office/temp_data/analysis_93a201b4-a284-4ee3-a5d4-0bd0a7fc7e80/data_point_29dba165-e422-4d88-8891-c77852b8634d/reports/envelope_and_internal_load_breakdown_report.html to http://localhost:8080/data_points/29dba165-e422-4d88-8891-c77852b8634d/upload_file
[12:30:10.000305 INFO] Saving report responded with {"id":"5be09a41a71a660a599219a6","data_point_id":"29dba165-e422-4d88-8891-c77852b8634d","display_name":"envelope_and_internal_load_breakdown_report","type":"Report","created_at":"2018-11-05T19:30:09.966Z","updated_at":"2018-11-05T19:30:09.966Z"}
[12:30:10.000456 INFO] Saving report /Users/dgoldwas/Documents/GitHub/Personal/PAT_projects/PAT_RaceToZero_Office/temp_data/analysis_93a201b4-a284-4ee3-a5d4-0bd0a7fc7e80/data_point_29dba165-e422-4d88-8891-c77852b8634d/reports/eplustbl.html to http://localhost:8080/data_points/29dba165-e422-4d88-8891-c77852b8634d/upload_file
[12:30:10.167979 INFO] Saving report responded with {"id":"5be09a42a71a660a599219a8","data_point_id":"29dba165-e422-4d88-8891-c77852b8634d","display_name":"eplustbl","type":"Report","created_at":"2018-11-05T19:30:10.117Z","updated_at":"2018-11-05T19:30:10.117Z"}
[12:30:10.168366 INFO] Saving report /Users/dgoldwas/Documents/GitHub/Personal/PAT_projects/PAT_RaceToZero_Office/temp_data/analysis_93a201b4-a284-4ee3-a5d4-0bd0a7fc7e80/data_point_29dba165-e422-4d88-8891-c77852b8634d/reports/openstudio_results_report.html to http://localhost:8080/data_points/29dba165-e422-4d88-8891-c77852b8634d/upload_file
[12:30:10.639396 INFO] Saving report responded with {"id":"5be09a42a71a660a599219ac","data_point_id":"29dba165-e422-4d88-8891-c77852b8634d","display_name":"openstudio_results_report","type":"Report","created_at":"2018-11-05T19:30:10.614Z","updated_at":"2018-11-05T19:30:10.614Z"}
[12:30:10.639628 INFO] Saving report /Users/dgoldwas/Documents/GitHub/Personal/PAT_projects/PAT_RaceToZero_Office/temp_data/analysis_93a201b4-a284-4ee3-a5d4-0bd0a7fc7e80/data_point_29dba165-e422-4d88-8891-c77852b8634d/run/objectives.json to http://localhost:8080/data_points/29dba165-e422-4d88-8891-c77852b8634d/upload_file
[12:30:10.689883 INFO] Saving report responded with {"id":"5be09a42a71a660a599219ad","data_point_id":"29dba165-e422-4d88-8891-c77852b8634d","display_name":"objectives","type":"Report","created_at":"2018-11-05T19:30:10.660Z","updated_at":"2018-11-05T19:30:10.660Z"}
[12:30:10.690171 INFO] Saving report /Users/dgoldwas/Documents/GitHub/Personal/PAT_projects/PAT_RaceToZero_Office/temp_data/analysis_93a201b4-a284-4ee3-a5d4-0bd0a7fc7e80/data_point_29dba165-e422-4d88-8891-c77852b8634d/out.osw to http://localhost:8080/data_points/29dba165-e422-4d88-8891-c77852b8634d/upload_file
[12:30:10.834720 INFO] Saving report responded with {"id":"5be09a42a71a660a599219ae","data_point_id":"29dba165-e422-4d88-8891-c77852b8634d","display_name":"Final OSW File","type":"Report","created_at":"2018-11-05T19:30:10.810Z","updated_at":"2018-11-05T19:30:10.810Z"}
[12:30:10.834940 INFO] Saving report /Users/dgoldwas/Documents/GitHub/Personal/PAT_projects/PAT_RaceToZero_Office/temp_data/analysis_93a201b4-a284-4ee3-a5d4-0bd0a7fc7e80/data_point_29dba165-e422-4d88-8891-c77852b8634d/in.osm to http://localhost:8080/data_points/29dba165-e422-4d88-8891-c77852b8634d/upload_file
[12:30:11.023787 INFO] Saving report responded with {"id":"5be09a43a71a660a599219af","data_point_id":"29dba165-e422-4d88-8891-c77852b8634d","display_name":"model","type":"OpenStudio Model","created_at":"2018-11-05T19:30:11.005Z","updated_at":"2018-11-05T19:30:11.005Z"}
[12:30:11.024035 INFO] Saving report /Users/dgoldwas/Documents/GitHub/Personal/PAT_projects/PAT_RaceToZero_Office/temp_data/analysis_93a201b4-a284-4ee3-a5d4-0bd0a7fc7e80/data_point_29dba165-e422-4d88-8891-c77852b8634d/run/data_point.zip to http://localhost:8080/data_points/29dba165-e422-4d88-8891-c77852b8634d/upload_file
[12:30:12.825251 INFO] Saving report responded with {"id":"5be09a44a71a660a599219b2","data_point_id":"29dba165-e422-4d88-8891-c77852b8634d","display_name":"Zip File","type":"Data Point","created_at":"2018-11-05T19:30:12.734Z","updated_at":"2018-11-05T19:30:12.734Z"}
[12:30:12.825492 INFO] Checking for presence of args file at /Users/dgoldwas/Documents/GitHub/Personal/PAT_projects/PAT_RaceToZero_Office/temp_data/analysis_93a201b4-a284-4ee3-a5d4-0bd0a7fc7e80/scripts/data_point/finalize.args
[12:30:12.825548 INFO] Checking for presence of script file at /Users/dgoldwas/Documents/GitHub/Personal/PAT_projects/PAT_RaceToZero_Office/temp_data/analysis_93a201b4-a284-4ee3-a5d4-0bd0a7fc7e80/scripts/data_point/finalize.sh
[12:30:12.841678 INFO] Finished /Applications/OpenStudio-2.7.0/ParametricAnalysisTool.app/Contents/Resources/OpenStudio-server/server/app/jobs/dj_jobs/run_simulate_data_point.rb
