# Logfile created on 2018-11-05 12:25:10 -0700 by logger.rb/47272
[12:25:10.136376 INFO] Checking for presence of args file at /Users/dgoldwas/Documents/GitHub/Personal/PAT_projects/PAT_RaceToZero_Office/temp_data/analysis_93a201b4-a284-4ee3-a5d4-0bd0a7fc7e80/scripts/data_point/initialize.args
[12:25:10.136408 INFO] Checking for presence of script file at /Users/dgoldwas/Documents/GitHub/Personal/PAT_projects/PAT_RaceToZero_Office/temp_data/analysis_93a201b4-a284-4ee3-a5d4-0bd0a7fc7e80/scripts/data_point/initialize.sh
[12:25:10.137799 INFO] Server host is http://localhost:8080
[12:25:10.137841 INFO] Analysis directory is /Users/dgoldwas/Documents/GitHub/Personal/PAT_projects/PAT_RaceToZero_Office/temp_data/analysis_93a201b4-a284-4ee3-a5d4-0bd0a7fc7e80
[12:25:10.137875 INFO] Simulation directory is /Users/dgoldwas/Documents/GitHub/Personal/PAT_projects/PAT_RaceToZero_Office/temp_data/analysis_93a201b4-a284-4ee3-a5d4-0bd0a7fc7e80/data_point_ade960cc-9fed-4500-83e0-8459ce26f0a3
[12:25:10.137899 INFO] Run datapoint type/file is 
[12:25:10.137920 INFO] Starting initialize_worker for datapoint ade960cc-9fed-4500-83e0-8459ce26f0a3
[12:25:10.138145 INFO] Downloading analysis zip from http://localhost:8080/analyses/93a201b4-a284-4ee3-a5d4-0bd0a7fc7e80/download_analysis_zip
[12:25:15.853516 INFO] Extracting analysis zip to /Users/dgoldwas/Documents/GitHub/Personal/PAT_projects/PAT_RaceToZero_Office/temp_data/analysis_93a201b4-a284-4ee3-a5d4-0bd0a7fc7e80
[12:25:19.158509 INFO] Downloading analysis.json from http://localhost:8080/analyses/93a201b4-a284-4ee3-a5d4-0bd0a7fc7e80.json
[12:25:19.189369 DEBUG] Running datapoint initialization file if present.
[12:25:19.189479 INFO] Checking for presence of args file at /Users/dgoldwas/Documents/GitHub/Personal/PAT_projects/PAT_RaceToZero_Office/temp_data/analysis_93a201b4-a284-4ee3-a5d4-0bd0a7fc7e80/scripts/data_point/initialize.args
[12:25:19.189517 INFO] Checking for presence of script file at /Users/dgoldwas/Documents/GitHub/Personal/PAT_projects/PAT_RaceToZero_Office/temp_data/analysis_93a201b4-a284-4ee3-a5d4-0bd0a7fc7e80/scripts/data_point/initialize.sh
[12:25:19.189578 INFO] Finished worker initialization
[12:25:19.199290 INFO] Downloading datapoint from http://localhost:8080/data_points/ade960cc-9fed-4500-83e0-8459ce26f0a3.json
[12:25:19.244335 INFO] Creating Workflow Manager instance
[12:25:19.244413 INFO] Directory is /Users/dgoldwas/Documents/GitHub/Personal/PAT_projects/PAT_RaceToZero_Office/temp_data/analysis_93a201b4-a284-4ee3-a5d4-0bd0a7fc7e80/data_point_ade960cc-9fed-4500-83e0-8459ce26f0a3
[12:25:19.244455 INFO] Opening run.log file '/Users/dgoldwas/Documents/GitHub/Personal/PAT_projects/PAT_RaceToZero_Office/temp_data/analysis_93a201b4-a284-4ee3-a5d4-0bd0a7fc7e80/data_point_ade960cc-9fed-4500-83e0-8459ce26f0a3/run/run.log'
[12:25:19.244718 INFO] Running workflow using cmd /Applications/OpenStudio-2.7.0/ParametricAnalysisTool.app/Contents/Resources/OpenStudio/bin/openstudio --verbose run --workflow /Users/dgoldwas/Documents/GitHub/Personal/PAT_projects/PAT_RaceToZero_Office/temp_data/analysis_93a201b4-a284-4ee3-a5d4-0bd0a7fc7e80/data_point_ade960cc-9fed-4500-83e0-8459ce26f0a3/data_point.osw --debug and writing log to /Users/dgoldwas/Documents/GitHub/Personal/PAT_projects/PAT_RaceToZero_Office/temp_data/analysis_93a201b4-a284-4ee3-a5d4-0bd0a7fc7e80/data_point_ade960cc-9fed-4500-83e0-8459ce26f0a3/oscli_simulation.log
[12:34:56.808487 INFO] Saving files/reports back to the server
[12:34:56.809325 INFO] Saving report /Users/dgoldwas/Documents/GitHub/Personal/PAT_projects/PAT_RaceToZero_Office/temp_data/analysis_93a201b4-a284-4ee3-a5d4-0bd0a7fc7e80/data_point_ade960cc-9fed-4500-83e0-8459ce26f0a3/reports/envelope_and_internal_load_breakdown_report.html to http://localhost:8080/data_points/ade960cc-9fed-4500-83e0-8459ce26f0a3/upload_file
[12:34:56.923360 INFO] Saving report responded with {"id":"5be09b60a71a660a599219b4","data_point_id":"ade960cc-9fed-4500-83e0-8459ce26f0a3","display_name":"envelope_and_internal_load_breakdown_report","type":"Report","created_at":"2018-11-05T19:34:56.908Z","updated_at":"2018-11-05T19:34:56.908Z"}
[12:34:56.923491 INFO] Saving report /Users/dgoldwas/Documents/GitHub/Personal/PAT_projects/PAT_RaceToZero_Office/temp_data/analysis_93a201b4-a284-4ee3-a5d4-0bd0a7fc7e80/data_point_ade960cc-9fed-4500-83e0-8459ce26f0a3/reports/eplustbl.html to http://localhost:8080/data_points/ade960cc-9fed-4500-83e0-8459ce26f0a3/upload_file
[12:34:57.070193 INFO] Saving report responded with {"id":"5be09b61a71a660a599219b5","data_point_id":"ade960cc-9fed-4500-83e0-8459ce26f0a3","display_name":"eplustbl","type":"Report","created_at":"2018-11-05T19:34:57.055Z","updated_at":"2018-11-05T19:34:57.055Z"}
[12:34:57.070332 INFO] Saving report /Users/dgoldwas/Documents/GitHub/Personal/PAT_projects/PAT_RaceToZero_Office/temp_data/analysis_93a201b4-a284-4ee3-a5d4-0bd0a7fc7e80/data_point_ade960cc-9fed-4500-83e0-8459ce26f0a3/reports/openstudio_results_report.html to http://localhost:8080/data_points/ade960cc-9fed-4500-83e0-8459ce26f0a3/upload_file
[12:34:57.604120 INFO] Saving report responded with {"id":"5be09b61a71a660a599219b6","data_point_id":"ade960cc-9fed-4500-83e0-8459ce26f0a3","display_name":"openstudio_results_report","type":"Report","created_at":"2018-11-05T19:34:57.583Z","updated_at":"2018-11-05T19:34:57.583Z"}
[12:34:57.604353 INFO] Saving report /Users/dgoldwas/Documents/GitHub/Personal/PAT_projects/PAT_RaceToZero_Office/temp_data/analysis_93a201b4-a284-4ee3-a5d4-0bd0a7fc7e80/data_point_ade960cc-9fed-4500-83e0-8459ce26f0a3/run/objectives.json to http://localhost:8080/data_points/ade960cc-9fed-4500-83e0-8459ce26f0a3/upload_file
[12:34:57.642674 INFO] Saving report responded with {"id":"5be09b61a71a660a599219b7","data_point_id":"ade960cc-9fed-4500-83e0-8459ce26f0a3","display_name":"objectives","type":"Report","created_at":"2018-11-05T19:34:57.619Z","updated_at":"2018-11-05T19:34:57.619Z"}
[12:34:57.642860 INFO] Saving report /Users/dgoldwas/Documents/GitHub/Personal/PAT_projects/PAT_RaceToZero_Office/temp_data/analysis_93a201b4-a284-4ee3-a5d4-0bd0a7fc7e80/data_point_ade960cc-9fed-4500-83e0-8459ce26f0a3/out.osw to http://localhost:8080/data_points/ade960cc-9fed-4500-83e0-8459ce26f0a3/upload_file
[12:34:57.815804 INFO] Saving report responded with {"id":"5be09b61a71a660a599219b8","data_point_id":"ade960cc-9fed-4500-83e0-8459ce26f0a3","display_name":"Final OSW File","type":"Report","created_at":"2018-11-05T19:34:57.801Z","updated_at":"2018-11-05T19:34:57.801Z"}
[12:34:57.815981 INFO] Saving report /Users/dgoldwas/Documents/GitHub/Personal/PAT_projects/PAT_RaceToZero_Office/temp_data/analysis_93a201b4-a284-4ee3-a5d4-0bd0a7fc7e80/data_point_ade960cc-9fed-4500-83e0-8459ce26f0a3/in.osm to http://localhost:8080/data_points/ade960cc-9fed-4500-83e0-8459ce26f0a3/upload_file
[12:34:57.992478 INFO] Saving report responded with {"id":"5be09b61a71a660a599219b9","data_point_id":"ade960cc-9fed-4500-83e0-8459ce26f0a3","display_name":"model","type":"OpenStudio Model","created_at":"2018-11-05T19:34:57.975Z","updated_at":"2018-11-05T19:34:57.975Z"}
[12:34:57.992673 INFO] Saving report /Users/dgoldwas/Documents/GitHub/Personal/PAT_projects/PAT_RaceToZero_Office/temp_data/analysis_93a201b4-a284-4ee3-a5d4-0bd0a7fc7e80/data_point_ade960cc-9fed-4500-83e0-8459ce26f0a3/run/data_point.zip to http://localhost:8080/data_points/ade960cc-9fed-4500-83e0-8459ce26f0a3/upload_file
[12:34:59.720907 INFO] Saving report responded with {"id":"5be09b63a71a660a599219ba","data_point_id":"ade960cc-9fed-4500-83e0-8459ce26f0a3","display_name":"Zip File","type":"Data Point","created_at":"2018-11-05T19:34:59.659Z","updated_at":"2018-11-05T19:34:59.659Z"}
[12:34:59.721116 INFO] Checking for presence of args file at /Users/dgoldwas/Documents/GitHub/Personal/PAT_projects/PAT_RaceToZero_Office/temp_data/analysis_93a201b4-a284-4ee3-a5d4-0bd0a7fc7e80/scripts/data_point/finalize.args
[12:34:59.721159 INFO] Checking for presence of script file at /Users/dgoldwas/Documents/GitHub/Personal/PAT_projects/PAT_RaceToZero_Office/temp_data/analysis_93a201b4-a284-4ee3-a5d4-0bd0a7fc7e80/scripts/data_point/finalize.sh
[12:34:59.763582 INFO] Finished /Applications/OpenStudio-2.7.0/ParametricAnalysisTool.app/Contents/Resources/OpenStudio-server/server/app/jobs/dj_jobs/run_simulate_data_point.rb
