# Logfile created on 2018-11-05 12:25:10 -0700 by logger.rb/47272
[12:25:10.921947 INFO] Checking for presence of args file at /Users/dgoldwas/Documents/GitHub/Personal/PAT_projects/PAT_RaceToZero_Office/temp_data/analysis_93a201b4-a284-4ee3-a5d4-0bd0a7fc7e80/scripts/data_point/initialize.args
[12:25:10.921984 INFO] Checking for presence of script file at /Users/dgoldwas/Documents/GitHub/Personal/PAT_projects/PAT_RaceToZero_Office/temp_data/analysis_93a201b4-a284-4ee3-a5d4-0bd0a7fc7e80/scripts/data_point/initialize.sh
[12:25:10.923642 INFO] Server host is http://localhost:8080
[12:25:10.923696 INFO] Analysis directory is /Users/dgoldwas/Documents/GitHub/Personal/PAT_projects/PAT_RaceToZero_Office/temp_data/analysis_93a201b4-a284-4ee3-a5d4-0bd0a7fc7e80
[12:25:10.923734 INFO] Simulation directory is /Users/dgoldwas/Documents/GitHub/Personal/PAT_projects/PAT_RaceToZero_Office/temp_data/analysis_93a201b4-a284-4ee3-a5d4-0bd0a7fc7e80/data_point_d3ee5327-0741-4bd5-a4e1-9fbb6ea1507a
[12:25:10.923766 INFO] Run datapoint type/file is 
[12:25:10.923789 INFO] Starting initialize_worker for datapoint d3ee5327-0741-4bd5-a4e1-9fbb6ea1507a
[12:25:10.923847 INFO] write_lock_file exists, checking & waiting for receipt file
[12:25:10.923915 INFO] waiting for receipt file to appear
[12:25:13.925504 INFO] waiting for receipt file to appear
[12:25:16.928895 INFO] waiting for receipt file to appear
[12:25:19.930356 INFO] receipt_file appeared, moving on
[12:25:19.940398 INFO] Downloading datapoint from http://localhost:8080/data_points/d3ee5327-0741-4bd5-a4e1-9fbb6ea1507a.json
[12:25:19.979497 INFO] Creating Workflow Manager instance
[12:25:19.979577 INFO] Directory is /Users/dgoldwas/Documents/GitHub/Personal/PAT_projects/PAT_RaceToZero_Office/temp_data/analysis_93a201b4-a284-4ee3-a5d4-0bd0a7fc7e80/data_point_d3ee5327-0741-4bd5-a4e1-9fbb6ea1507a
[12:25:19.979609 INFO] Opening run.log file '/Users/dgoldwas/Documents/GitHub/Personal/PAT_projects/PAT_RaceToZero_Office/temp_data/analysis_93a201b4-a284-4ee3-a5d4-0bd0a7fc7e80/data_point_d3ee5327-0741-4bd5-a4e1-9fbb6ea1507a/run/run.log'
[12:25:19.979858 INFO] Running workflow using cmd /Applications/OpenStudio-2.7.0/ParametricAnalysisTool.app/Contents/Resources/OpenStudio/bin/openstudio --verbose run --workflow /Users/dgoldwas/Documents/GitHub/Personal/PAT_projects/PAT_RaceToZero_Office/temp_data/analysis_93a201b4-a284-4ee3-a5d4-0bd0a7fc7e80/data_point_d3ee5327-0741-4bd5-a4e1-9fbb6ea1507a/data_point.osw --debug and writing log to /Users/dgoldwas/Documents/GitHub/Personal/PAT_projects/PAT_RaceToZero_Office/temp_data/analysis_93a201b4-a284-4ee3-a5d4-0bd0a7fc7e80/data_point_d3ee5327-0741-4bd5-a4e1-9fbb6ea1507a/oscli_simulation.log
[12:30:09.199648 INFO] Saving files/reports back to the server
[12:30:09.206950 INFO] Saving report /Users/dgoldwas/Documents/GitHub/Personal/PAT_projects/PAT_RaceToZero_Office/temp_data/analysis_93a201b4-a284-4ee3-a5d4-0bd0a7fc7e80/data_point_d3ee5327-0741-4bd5-a4e1-9fbb6ea1507a/reports/envelope_and_internal_load_breakdown_report.html to http://localhost:8080/data_points/d3ee5327-0741-4bd5-a4e1-9fbb6ea1507a/upload_file
[12:30:09.356511 INFO] Saving report responded with {"id":"5be09a41a71a660a599219a4","data_point_id":"d3ee5327-0741-4bd5-a4e1-9fbb6ea1507a","display_name":"envelope_and_internal_load_breakdown_report","type":"Report","created_at":"2018-11-05T19:30:09.335Z","updated_at":"2018-11-05T19:30:09.335Z"}
[12:30:09.356660 INFO] Saving report /Users/dgoldwas/Documents/GitHub/Personal/PAT_projects/PAT_RaceToZero_Office/temp_data/analysis_93a201b4-a284-4ee3-a5d4-0bd0a7fc7e80/data_point_d3ee5327-0741-4bd5-a4e1-9fbb6ea1507a/reports/eplustbl.html to http://localhost:8080/data_points/d3ee5327-0741-4bd5-a4e1-9fbb6ea1507a/upload_file
[12:30:09.526697 INFO] Saving report responded with {"id":"5be09a41a71a660a599219a5","data_point_id":"d3ee5327-0741-4bd5-a4e1-9fbb6ea1507a","display_name":"eplustbl","type":"Report","created_at":"2018-11-05T19:30:09.494Z","updated_at":"2018-11-05T19:30:09.494Z"}
[12:30:09.526848 INFO] Saving report /Users/dgoldwas/Documents/GitHub/Personal/PAT_projects/PAT_RaceToZero_Office/temp_data/analysis_93a201b4-a284-4ee3-a5d4-0bd0a7fc7e80/data_point_d3ee5327-0741-4bd5-a4e1-9fbb6ea1507a/reports/openstudio_results_report.html to http://localhost:8080/data_points/d3ee5327-0741-4bd5-a4e1-9fbb6ea1507a/upload_file
[12:30:10.163560 INFO] Saving report responded with {"id":"5be09a42a71a660a599219a7","data_point_id":"d3ee5327-0741-4bd5-a4e1-9fbb6ea1507a","display_name":"openstudio_results_report","type":"Report","created_at":"2018-11-05T19:30:10.109Z","updated_at":"2018-11-05T19:30:10.109Z"}
[12:30:10.163776 INFO] Saving report /Users/dgoldwas/Documents/GitHub/Personal/PAT_projects/PAT_RaceToZero_Office/temp_data/analysis_93a201b4-a284-4ee3-a5d4-0bd0a7fc7e80/data_point_d3ee5327-0741-4bd5-a4e1-9fbb6ea1507a/run/objectives.json to http://localhost:8080/data_points/d3ee5327-0741-4bd5-a4e1-9fbb6ea1507a/upload_file
[12:30:10.201600 INFO] Saving report responded with {"id":"5be09a42a71a660a599219a9","data_point_id":"d3ee5327-0741-4bd5-a4e1-9fbb6ea1507a","display_name":"objectives","type":"Report","created_at":"2018-11-05T19:30:10.182Z","updated_at":"2018-11-05T19:30:10.182Z"}
[12:30:10.201773 INFO] Saving report /Users/dgoldwas/Documents/GitHub/Personal/PAT_projects/PAT_RaceToZero_Office/temp_data/analysis_93a201b4-a284-4ee3-a5d4-0bd0a7fc7e80/data_point_d3ee5327-0741-4bd5-a4e1-9fbb6ea1507a/out.osw to http://localhost:8080/data_points/d3ee5327-0741-4bd5-a4e1-9fbb6ea1507a/upload_file
[12:30:10.320797 INFO] Saving report responded with {"id":"5be09a42a71a660a599219aa","data_point_id":"d3ee5327-0741-4bd5-a4e1-9fbb6ea1507a","display_name":"Final OSW File","type":"Report","created_at":"2018-11-05T19:30:10.304Z","updated_at":"2018-11-05T19:30:10.304Z"}
[12:30:10.321020 INFO] Saving report /Users/dgoldwas/Documents/GitHub/Personal/PAT_projects/PAT_RaceToZero_Office/temp_data/analysis_93a201b4-a284-4ee3-a5d4-0bd0a7fc7e80/data_point_d3ee5327-0741-4bd5-a4e1-9fbb6ea1507a/in.osm to http://localhost:8080/data_points/d3ee5327-0741-4bd5-a4e1-9fbb6ea1507a/upload_file
[12:30:10.460571 INFO] Saving report responded with {"id":"5be09a42a71a660a599219ab","data_point_id":"d3ee5327-0741-4bd5-a4e1-9fbb6ea1507a","display_name":"model","type":"OpenStudio Model","created_at":"2018-11-05T19:30:10.421Z","updated_at":"2018-11-05T19:30:10.421Z"}
[12:30:10.460797 INFO] Saving report /Users/dgoldwas/Documents/GitHub/Personal/PAT_projects/PAT_RaceToZero_Office/temp_data/analysis_93a201b4-a284-4ee3-a5d4-0bd0a7fc7e80/data_point_d3ee5327-0741-4bd5-a4e1-9fbb6ea1507a/run/data_point.zip to http://localhost:8080/data_points/d3ee5327-0741-4bd5-a4e1-9fbb6ea1507a/upload_file
[12:30:12.319689 INFO] Saving report responded with {"id":"5be09a44a71a660a599219b0","data_point_id":"d3ee5327-0741-4bd5-a4e1-9fbb6ea1507a","display_name":"Zip File","type":"Data Point","created_at":"2018-11-05T19:30:12.146Z","updated_at":"2018-11-05T19:30:12.146Z"}
[12:30:12.319883 INFO] Checking for presence of args file at /Users/dgoldwas/Documents/GitHub/Personal/PAT_projects/PAT_RaceToZero_Office/temp_data/analysis_93a201b4-a284-4ee3-a5d4-0bd0a7fc7e80/scripts/data_point/finalize.args
[12:30:12.319953 INFO] Checking for presence of script file at /Users/dgoldwas/Documents/GitHub/Personal/PAT_projects/PAT_RaceToZero_Office/temp_data/analysis_93a201b4-a284-4ee3-a5d4-0bd0a7fc7e80/scripts/data_point/finalize.sh
[12:30:12.349004 INFO] Finished /Applications/OpenStudio-2.7.0/ParametricAnalysisTool.app/Contents/Resources/OpenStudio-server/server/app/jobs/dj_jobs/run_simulate_data_point.rb
