# Logfile created on 2018-02-13 12:11:11 -0700 by logger.rb/47272
[12:11:11.051059 INFO] Server host is http://localhost:8080
[12:11:11.051102 INFO] Analysis directory is /Users/dgoldwas/Documents/GitHub/Personal/PAT_projects/PAT_Basic_Model_Articulation/temp_data/analysis_2bf519d3-b4a4-48ff-b4df-5617d7ba919f
[12:11:11.051135 INFO] Simulation directory is /Users/dgoldwas/Documents/GitHub/Personal/PAT_projects/PAT_Basic_Model_Articulation/temp_data/analysis_2bf519d3-b4a4-48ff-b4df-5617d7ba919f/data_point_7cb5b49a-2070-4008-81cc-fed581ad2edb
[12:11:11.051152 INFO] Run datapoint type/file is workflow
[12:11:11.051168 INFO] Starting initialize_worker for datapoint 7cb5b49a-2070-4008-81cc-fed581ad2edb
[12:11:11.051210 INFO] write_lock_file exists, checking & waiting for receipt file
[12:11:11.051280 INFO] waiting for receipt file to appear
[12:11:14.056410 INFO] waiting for receipt file to appear
[12:11:17.057068 INFO] receipt_file appeared, moving on
[12:11:17.066137 INFO] Downloading datapoint from http://localhost:8080/data_points/7cb5b49a-2070-4008-81cc-fed581ad2edb.json
[12:11:17.083944 INFO] Creating Workflow Manager instance
[12:11:17.084029 INFO] Directory is /Users/dgoldwas/Documents/GitHub/Personal/PAT_projects/PAT_Basic_Model_Articulation/temp_data/analysis_2bf519d3-b4a4-48ff-b4df-5617d7ba919f/data_point_7cb5b49a-2070-4008-81cc-fed581ad2edb
[12:11:17.084064 INFO] Opening run.log file '/Users/dgoldwas/Documents/GitHub/Personal/PAT_projects/PAT_Basic_Model_Articulation/temp_data/analysis_2bf519d3-b4a4-48ff-b4df-5617d7ba919f/data_point_7cb5b49a-2070-4008-81cc-fed581ad2edb/run/run.log'
[12:11:17.100543 INFO] Running workflow
[12:14:31.157614 INFO] Final run state is finished
[12:14:31.180370 INFO] Saving files/reports back to the server
[12:14:31.181759 INFO] Saving report /Users/dgoldwas/Documents/GitHub/Personal/PAT_projects/PAT_Basic_Model_Articulation/temp_data/analysis_2bf519d3-b4a4-48ff-b4df-5617d7ba919f/data_point_7cb5b49a-2070-4008-81cc-fed581ad2edb/reports/eplustbl.html to http://localhost:8080/data_points/7cb5b49a-2070-4008-81cc-fed581ad2edb/upload_file
[12:14:31.328286 INFO] Saving report responded with {"id":"5a833917a71a6667ff24b073","data_point_id":"7cb5b49a-2070-4008-81cc-fed581ad2edb","display_name":"eplustbl","type":"Report","created_at":"2018-02-13T19:14:31.314Z","updated_at":"2018-02-13T19:14:31.314Z"}
[12:14:31.328487 INFO] Saving report /Users/dgoldwas/Documents/GitHub/Personal/PAT_projects/PAT_Basic_Model_Articulation/temp_data/analysis_2bf519d3-b4a4-48ff-b4df-5617d7ba919f/data_point_7cb5b49a-2070-4008-81cc-fed581ad2edb/reports/openstudio_results_report.html to http://localhost:8080/data_points/7cb5b49a-2070-4008-81cc-fed581ad2edb/upload_file
[12:14:31.869013 INFO] Saving report responded with {"id":"5a833917a71a6667ff24b074","data_point_id":"7cb5b49a-2070-4008-81cc-fed581ad2edb","display_name":"openstudio_results_report","type":"Report","created_at":"2018-02-13T19:14:31.853Z","updated_at":"2018-02-13T19:14:31.853Z"}
[12:14:31.869155 INFO] Saving report /Users/dgoldwas/Documents/GitHub/Personal/PAT_projects/PAT_Basic_Model_Articulation/temp_data/analysis_2bf519d3-b4a4-48ff-b4df-5617d7ba919f/data_point_7cb5b49a-2070-4008-81cc-fed581ad2edb/reports/view_model_report.html to http://localhost:8080/data_points/7cb5b49a-2070-4008-81cc-fed581ad2edb/upload_file
[12:14:31.995973 INFO] Saving report responded with {"id":"5a833917a71a6667ff24b075","data_point_id":"7cb5b49a-2070-4008-81cc-fed581ad2edb","display_name":"view_model_report","type":"Report","created_at":"2018-02-13T19:14:31.986Z","updated_at":"2018-02-13T19:14:31.986Z"}
[12:14:31.996104 INFO] Saving report /Users/dgoldwas/Documents/GitHub/Personal/PAT_projects/PAT_Basic_Model_Articulation/temp_data/analysis_2bf519d3-b4a4-48ff-b4df-5617d7ba919f/data_point_7cb5b49a-2070-4008-81cc-fed581ad2edb/reports/view_model_report.json to http://localhost:8080/data_points/7cb5b49a-2070-4008-81cc-fed581ad2edb/upload_file
[12:14:32.057688 INFO] Saving report responded with {"id":"5a833918a71a6667ff24b076","data_point_id":"7cb5b49a-2070-4008-81cc-fed581ad2edb","display_name":"view_model_report","type":"Report","created_at":"2018-02-13T19:14:32.046Z","updated_at":"2018-02-13T19:14:32.046Z"}
[12:14:32.057914 INFO] Saving report /Users/dgoldwas/Documents/GitHub/Personal/PAT_projects/PAT_Basic_Model_Articulation/temp_data/analysis_2bf519d3-b4a4-48ff-b4df-5617d7ba919f/data_point_7cb5b49a-2070-4008-81cc-fed581ad2edb/run/objectives.json to http://localhost:8080/data_points/7cb5b49a-2070-4008-81cc-fed581ad2edb/upload_file
[12:14:32.086254 INFO] Saving report responded with {"id":"5a833918a71a6667ff24b077","data_point_id":"7cb5b49a-2070-4008-81cc-fed581ad2edb","display_name":"objectives","type":"Report","created_at":"2018-02-13T19:14:32.076Z","updated_at":"2018-02-13T19:14:32.076Z"}
[12:14:32.086469 INFO] Saving report /Users/dgoldwas/Documents/GitHub/Personal/PAT_projects/PAT_Basic_Model_Articulation/temp_data/analysis_2bf519d3-b4a4-48ff-b4df-5617d7ba919f/data_point_7cb5b49a-2070-4008-81cc-fed581ad2edb/out.osw to http://localhost:8080/data_points/7cb5b49a-2070-4008-81cc-fed581ad2edb/upload_file
[12:14:32.274815 INFO] Saving report responded with {"id":"5a833918a71a6667ff24b078","data_point_id":"7cb5b49a-2070-4008-81cc-fed581ad2edb","display_name":"Final OSW File","type":"Report","created_at":"2018-02-13T19:14:32.263Z","updated_at":"2018-02-13T19:14:32.263Z"}
[12:14:32.275027 INFO] Saving report /Users/dgoldwas/Documents/GitHub/Personal/PAT_projects/PAT_Basic_Model_Articulation/temp_data/analysis_2bf519d3-b4a4-48ff-b4df-5617d7ba919f/data_point_7cb5b49a-2070-4008-81cc-fed581ad2edb/in.osm to http://localhost:8080/data_points/7cb5b49a-2070-4008-81cc-fed581ad2edb/upload_file
[12:14:32.337362 INFO] Saving report responded with {"id":"5a833918a71a6667ff24b079","data_point_id":"7cb5b49a-2070-4008-81cc-fed581ad2edb","display_name":"model","type":"OpenStudio Model","created_at":"2018-02-13T19:14:32.324Z","updated_at":"2018-02-13T19:14:32.324Z"}
[12:14:32.337671 INFO] Saving report /Users/dgoldwas/Documents/GitHub/Personal/PAT_projects/PAT_Basic_Model_Articulation/temp_data/analysis_2bf519d3-b4a4-48ff-b4df-5617d7ba919f/data_point_7cb5b49a-2070-4008-81cc-fed581ad2edb/run/data_point.zip to http://localhost:8080/data_points/7cb5b49a-2070-4008-81cc-fed581ad2edb/upload_file
[12:14:32.935855 INFO] Saving report responded with {"id":"5a833918a71a6667ff24b07a","data_point_id":"7cb5b49a-2070-4008-81cc-fed581ad2edb","display_name":"Zip File","type":"Data Point","created_at":"2018-02-13T19:14:32.895Z","updated_at":"2018-02-13T19:14:32.895Z"}
[12:14:32.945912 INFO] Finished /Applications/OpenStudio-2.4.0/ParametricAnalysisTool.app/Contents/Resources/OpenStudio-server/server/app/workers/run_simulate_data_point.rb
