# Logfile created on 2018-02-13 12:11:09 -0700 by logger.rb/47272
[12:11:09.981700 INFO] Server host is http://localhost:8080
[12:11:09.981759 INFO] Analysis directory is /Users/dgoldwas/Documents/GitHub/Personal/PAT_projects/PAT_Basic_Model_Articulation/temp_data/analysis_2bf519d3-b4a4-48ff-b4df-5617d7ba919f
[12:11:09.981796 INFO] Simulation directory is /Users/dgoldwas/Documents/GitHub/Personal/PAT_projects/PAT_Basic_Model_Articulation/temp_data/analysis_2bf519d3-b4a4-48ff-b4df-5617d7ba919f/data_point_ee81f161-c654-4ef3-a5ce-95478223d891
[12:11:09.981813 INFO] Run datapoint type/file is workflow
[12:11:09.981833 INFO] Starting initialize_worker for datapoint ee81f161-c654-4ef3-a5ce-95478223d891
[12:11:09.982071 INFO] Downloading analysis zip from http://localhost:8080/analyses/2bf519d3-b4a4-48ff-b4df-5617d7ba919f/download_analysis_zip
[12:11:14.355844 INFO] Extracting analysis zip to /Users/dgoldwas/Documents/GitHub/Personal/PAT_projects/PAT_Basic_Model_Articulation/temp_data/analysis_2bf519d3-b4a4-48ff-b4df-5617d7ba919f
[12:11:14.526470 INFO] Downloading analysis.json from http://localhost:8080/analyses/2bf519d3-b4a4-48ff-b4df-5617d7ba919f.json
[12:11:14.544950 INFO] Finished worker initialization
[12:11:14.549864 INFO] Downloading datapoint from http://localhost:8080/data_points/ee81f161-c654-4ef3-a5ce-95478223d891.json
[12:11:14.567057 INFO] Creating Workflow Manager instance
[12:11:14.567133 INFO] Directory is /Users/dgoldwas/Documents/GitHub/Personal/PAT_projects/PAT_Basic_Model_Articulation/temp_data/analysis_2bf519d3-b4a4-48ff-b4df-5617d7ba919f/data_point_ee81f161-c654-4ef3-a5ce-95478223d891
[12:11:14.567160 INFO] Opening run.log file '/Users/dgoldwas/Documents/GitHub/Personal/PAT_projects/PAT_Basic_Model_Articulation/temp_data/analysis_2bf519d3-b4a4-48ff-b4df-5617d7ba919f/data_point_ee81f161-c654-4ef3-a5ce-95478223d891/run/run.log'
[12:11:14.585144 INFO] Running workflow
[12:18:39.276796 INFO] Final run state is finished
[12:18:39.295397 INFO] Saving files/reports back to the server
[12:18:39.296247 INFO] Saving report /Users/dgoldwas/Documents/GitHub/Personal/PAT_projects/PAT_Basic_Model_Articulation/temp_data/analysis_2bf519d3-b4a4-48ff-b4df-5617d7ba919f/data_point_ee81f161-c654-4ef3-a5ce-95478223d891/reports/eplustbl.html to http://localhost:8080/data_points/ee81f161-c654-4ef3-a5ce-95478223d891/upload_file
[12:18:39.414873 INFO] Saving report responded with {"id":"5a833a0fa71a6667ff24b07c","data_point_id":"ee81f161-c654-4ef3-a5ce-95478223d891","display_name":"eplustbl","type":"Report","created_at":"2018-02-13T19:18:39.401Z","updated_at":"2018-02-13T19:18:39.401Z"}
[12:18:39.414996 INFO] Saving report /Users/dgoldwas/Documents/GitHub/Personal/PAT_projects/PAT_Basic_Model_Articulation/temp_data/analysis_2bf519d3-b4a4-48ff-b4df-5617d7ba919f/data_point_ee81f161-c654-4ef3-a5ce-95478223d891/reports/openstudio_results_report.html to http://localhost:8080/data_points/ee81f161-c654-4ef3-a5ce-95478223d891/upload_file
[12:18:39.704492 INFO] Saving report responded with {"id":"5a833a0fa71a6667ff24b07d","data_point_id":"ee81f161-c654-4ef3-a5ce-95478223d891","display_name":"openstudio_results_report","type":"Report","created_at":"2018-02-13T19:18:39.693Z","updated_at":"2018-02-13T19:18:39.693Z"}
[12:18:39.704611 INFO] Saving report /Users/dgoldwas/Documents/GitHub/Personal/PAT_projects/PAT_Basic_Model_Articulation/temp_data/analysis_2bf519d3-b4a4-48ff-b4df-5617d7ba919f/data_point_ee81f161-c654-4ef3-a5ce-95478223d891/reports/view_model_report.html to http://localhost:8080/data_points/ee81f161-c654-4ef3-a5ce-95478223d891/upload_file
[12:18:39.774508 INFO] Saving report responded with {"id":"5a833a0fa71a6667ff24b07e","data_point_id":"ee81f161-c654-4ef3-a5ce-95478223d891","display_name":"view_model_report","type":"Report","created_at":"2018-02-13T19:18:39.766Z","updated_at":"2018-02-13T19:18:39.766Z"}
[12:18:39.774624 INFO] Saving report /Users/dgoldwas/Documents/GitHub/Personal/PAT_projects/PAT_Basic_Model_Articulation/temp_data/analysis_2bf519d3-b4a4-48ff-b4df-5617d7ba919f/data_point_ee81f161-c654-4ef3-a5ce-95478223d891/reports/view_model_report.json to http://localhost:8080/data_points/ee81f161-c654-4ef3-a5ce-95478223d891/upload_file
[12:18:40.012394 INFO] Saving report responded with {"id":"5a833a10a71a6667ff24b07f","data_point_id":"ee81f161-c654-4ef3-a5ce-95478223d891","display_name":"view_model_report","type":"Report","created_at":"2018-02-13T19:18:40.003Z","updated_at":"2018-02-13T19:18:40.003Z"}
[12:18:40.012576 INFO] Saving report /Users/dgoldwas/Documents/GitHub/Personal/PAT_projects/PAT_Basic_Model_Articulation/temp_data/analysis_2bf519d3-b4a4-48ff-b4df-5617d7ba919f/data_point_ee81f161-c654-4ef3-a5ce-95478223d891/run/objectives.json to http://localhost:8080/data_points/ee81f161-c654-4ef3-a5ce-95478223d891/upload_file
[12:18:40.033953 INFO] Saving report responded with {"id":"5a833a10a71a6667ff24b080","data_point_id":"ee81f161-c654-4ef3-a5ce-95478223d891","display_name":"objectives","type":"Report","created_at":"2018-02-13T19:18:40.026Z","updated_at":"2018-02-13T19:18:40.026Z"}
[12:18:40.034115 INFO] Saving report /Users/dgoldwas/Documents/GitHub/Personal/PAT_projects/PAT_Basic_Model_Articulation/temp_data/analysis_2bf519d3-b4a4-48ff-b4df-5617d7ba919f/data_point_ee81f161-c654-4ef3-a5ce-95478223d891/out.osw to http://localhost:8080/data_points/ee81f161-c654-4ef3-a5ce-95478223d891/upload_file
[12:18:40.118992 INFO] Saving report responded with {"id":"5a833a10a71a6667ff24b081","data_point_id":"ee81f161-c654-4ef3-a5ce-95478223d891","display_name":"Final OSW File","type":"Report","created_at":"2018-02-13T19:18:40.109Z","updated_at":"2018-02-13T19:18:40.109Z"}
[12:18:40.119185 INFO] Saving report /Users/dgoldwas/Documents/GitHub/Personal/PAT_projects/PAT_Basic_Model_Articulation/temp_data/analysis_2bf519d3-b4a4-48ff-b4df-5617d7ba919f/data_point_ee81f161-c654-4ef3-a5ce-95478223d891/in.osm to http://localhost:8080/data_points/ee81f161-c654-4ef3-a5ce-95478223d891/upload_file
[12:18:40.211559 INFO] Saving report responded with {"id":"5a833a10a71a6667ff24b082","data_point_id":"ee81f161-c654-4ef3-a5ce-95478223d891","display_name":"model","type":"OpenStudio Model","created_at":"2018-02-13T19:18:40.201Z","updated_at":"2018-02-13T19:18:40.201Z"}
[12:18:40.211751 INFO] Saving report /Users/dgoldwas/Documents/GitHub/Personal/PAT_projects/PAT_Basic_Model_Articulation/temp_data/analysis_2bf519d3-b4a4-48ff-b4df-5617d7ba919f/data_point_ee81f161-c654-4ef3-a5ce-95478223d891/run/data_point.zip to http://localhost:8080/data_points/ee81f161-c654-4ef3-a5ce-95478223d891/upload_file
[12:18:41.432991 INFO] Saving report responded with {"id":"5a833a11a71a6667ff24b083","data_point_id":"ee81f161-c654-4ef3-a5ce-95478223d891","display_name":"Zip File","type":"Data Point","created_at":"2018-02-13T19:18:41.407Z","updated_at":"2018-02-13T19:18:41.407Z"}
[12:18:41.469440 INFO] Finished /Applications/OpenStudio-2.4.0/ParametricAnalysisTool.app/Contents/Resources/OpenStudio-server/server/app/workers/run_simulate_data_point.rb
