# Logfile created on 2017-10-23 08:55:14 -0600 by logger.rb/47272
[08:55:14.734149 INFO] Server host is http://localhost:8080
[08:55:14.734194 INFO] Analysis directory is /Users/dgoldwas/Documents/GitHub/Personal/PAT_projects/PAT_RaceToZero_PrimarySchool/temp_data/analysis_fc1618ca-9b4f-4fdd-8f23-ad7e32c37bde
[08:55:14.734222 INFO] Simulation directory is /Users/dgoldwas/Documents/GitHub/Personal/PAT_projects/PAT_RaceToZero_PrimarySchool/temp_data/analysis_fc1618ca-9b4f-4fdd-8f23-ad7e32c37bde/data_point_1d143092-7f23-40fd-8fab-6aa95671f41a
[08:55:14.734238 INFO] Run datapoint type/file is workflow
[08:55:14.734253 INFO] Starting initialize_worker for datapoint 1d143092-7f23-40fd-8fab-6aa95671f41a
[08:55:14.734495 INFO] Downloading analysis zip from http://localhost:8080/analyses/fc1618ca-9b4f-4fdd-8f23-ad7e32c37bde/download_analysis_zip
[08:55:17.636198 INFO] Extracting analysis zip to /Users/dgoldwas/Documents/GitHub/Personal/PAT_projects/PAT_RaceToZero_PrimarySchool/temp_data/analysis_fc1618ca-9b4f-4fdd-8f23-ad7e32c37bde
[08:55:18.394679 INFO] Downloading analysis.json from http://localhost:8080/analyses/fc1618ca-9b4f-4fdd-8f23-ad7e32c37bde.json
[08:55:18.422958 INFO] Finished worker initialization
[08:55:18.429893 INFO] Downloading datapoint from http://localhost:8080/data_points/1d143092-7f23-40fd-8fab-6aa95671f41a.json
[08:55:18.452617 INFO] Creating Workflow Manager instance
[08:55:18.452697 INFO] Directory is /Users/dgoldwas/Documents/GitHub/Personal/PAT_projects/PAT_RaceToZero_PrimarySchool/temp_data/analysis_fc1618ca-9b4f-4fdd-8f23-ad7e32c37bde/data_point_1d143092-7f23-40fd-8fab-6aa95671f41a
[08:55:18.452737 INFO] Opening run.log file '/Users/dgoldwas/Documents/GitHub/Personal/PAT_projects/PAT_RaceToZero_PrimarySchool/temp_data/analysis_fc1618ca-9b4f-4fdd-8f23-ad7e32c37bde/data_point_1d143092-7f23-40fd-8fab-6aa95671f41a/run/run.log'
[08:55:18.499767 INFO] Running workflow
[09:02:25.737660 INFO] Final run state is finished
[09:02:25.765038 INFO] Saving files/reports back to the server
[09:02:25.765472 INFO] Saving report /Users/dgoldwas/Documents/GitHub/Personal/PAT_projects/PAT_RaceToZero_PrimarySchool/temp_data/analysis_fc1618ca-9b4f-4fdd-8f23-ad7e32c37bde/data_point_1d143092-7f23-40fd-8fab-6aa95671f41a/reports/envelope_and_internal_load_breakdown_report.html to http://localhost:8080/data_points/1d143092-7f23-40fd-8fab-6aa95671f41a/upload_file
[09:02:25.907316 INFO] Saving report responded with {"id":"59ee0481104ea23370770374","data_point_id":"1d143092-7f23-40fd-8fab-6aa95671f41a","display_name":"envelope_and_internal_load_breakdown_report","type":"Report","created_at":"2017-10-23T15:02:25.868Z","updated_at":"2017-10-23T15:02:25.868Z"}
[09:02:25.907431 INFO] Saving report /Users/dgoldwas/Documents/GitHub/Personal/PAT_projects/PAT_RaceToZero_PrimarySchool/temp_data/analysis_fc1618ca-9b4f-4fdd-8f23-ad7e32c37bde/data_point_1d143092-7f23-40fd-8fab-6aa95671f41a/reports/eplustbl.html to http://localhost:8080/data_points/1d143092-7f23-40fd-8fab-6aa95671f41a/upload_file
[09:02:26.001893 INFO] Saving report responded with {"id":"59ee0481104ea23370770375","data_point_id":"1d143092-7f23-40fd-8fab-6aa95671f41a","display_name":"eplustbl","type":"Report","created_at":"2017-10-23T15:02:25.976Z","updated_at":"2017-10-23T15:02:25.976Z"}
[09:02:26.002054 INFO] Saving report /Users/dgoldwas/Documents/GitHub/Personal/PAT_projects/PAT_RaceToZero_PrimarySchool/temp_data/analysis_fc1618ca-9b4f-4fdd-8f23-ad7e32c37bde/data_point_1d143092-7f23-40fd-8fab-6aa95671f41a/reports/openstudio_results_report.html to http://localhost:8080/data_points/1d143092-7f23-40fd-8fab-6aa95671f41a/upload_file
[09:02:26.310895 INFO] Saving report responded with {"id":"59ee0482104ea23370770376","data_point_id":"1d143092-7f23-40fd-8fab-6aa95671f41a","display_name":"openstudio_results_report","type":"Report","created_at":"2017-10-23T15:02:26.296Z","updated_at":"2017-10-23T15:02:26.296Z"}
[09:02:26.311098 INFO] Saving report /Users/dgoldwas/Documents/GitHub/Personal/PAT_projects/PAT_RaceToZero_PrimarySchool/temp_data/analysis_fc1618ca-9b4f-4fdd-8f23-ad7e32c37bde/data_point_1d143092-7f23-40fd-8fab-6aa95671f41a/run/objectives.json to http://localhost:8080/data_points/1d143092-7f23-40fd-8fab-6aa95671f41a/upload_file
[09:02:26.346211 INFO] Saving report responded with {"id":"59ee0482104ea23370770377","data_point_id":"1d143092-7f23-40fd-8fab-6aa95671f41a","display_name":"objectives","type":"Report","created_at":"2017-10-23T15:02:26.326Z","updated_at":"2017-10-23T15:02:26.326Z"}
[09:02:26.346364 INFO] Saving report /Users/dgoldwas/Documents/GitHub/Personal/PAT_projects/PAT_RaceToZero_PrimarySchool/temp_data/analysis_fc1618ca-9b4f-4fdd-8f23-ad7e32c37bde/data_point_1d143092-7f23-40fd-8fab-6aa95671f41a/out.osw to http://localhost:8080/data_points/1d143092-7f23-40fd-8fab-6aa95671f41a/upload_file
[09:02:26.435400 INFO] Saving report responded with {"id":"59ee0482104ea23370770378","data_point_id":"1d143092-7f23-40fd-8fab-6aa95671f41a","display_name":"Final OSW File","type":"Report","created_at":"2017-10-23T15:02:26.423Z","updated_at":"2017-10-23T15:02:26.423Z"}
[09:02:26.435580 INFO] Saving report /Users/dgoldwas/Documents/GitHub/Personal/PAT_projects/PAT_RaceToZero_PrimarySchool/temp_data/analysis_fc1618ca-9b4f-4fdd-8f23-ad7e32c37bde/data_point_1d143092-7f23-40fd-8fab-6aa95671f41a/in.osm to http://localhost:8080/data_points/1d143092-7f23-40fd-8fab-6aa95671f41a/upload_file
[09:02:26.515381 INFO] Saving report responded with {"id":"59ee0482104ea23370770379","data_point_id":"1d143092-7f23-40fd-8fab-6aa95671f41a","display_name":"model","type":"OpenStudio Model","created_at":"2017-10-23T15:02:26.502Z","updated_at":"2017-10-23T15:02:26.502Z"}
[09:02:26.515581 INFO] Saving report /Users/dgoldwas/Documents/GitHub/Personal/PAT_projects/PAT_RaceToZero_PrimarySchool/temp_data/analysis_fc1618ca-9b4f-4fdd-8f23-ad7e32c37bde/data_point_1d143092-7f23-40fd-8fab-6aa95671f41a/run/data_point.zip to http://localhost:8080/data_points/1d143092-7f23-40fd-8fab-6aa95671f41a/upload_file
[09:02:27.588986 INFO] Saving report responded with {"id":"59ee0483104ea2337077037a","data_point_id":"1d143092-7f23-40fd-8fab-6aa95671f41a","display_name":"Zip File","type":"Data Point","created_at":"2017-10-23T15:02:27.522Z","updated_at":"2017-10-23T15:02:27.522Z"}
[09:02:27.625473 INFO] Finished /Applications/OpenStudio-2.3.0/ParametricAnalysisTool.app/Contents/Resources/OpenStudio-server/server/app/workers/run_simulate_data_point.rb
